<?xml version="1.0" encoding="UTF-8"?><testsuite errors="0" failures="1" name="com.virgingames.bingoinfo.VirginCURDTestWithSteps" skipped="0" tests="1" time="15.45" timestamp="2022-06-15T22:14:30.321+01:00[Europe/London]"><testcase classname="com.virgingames.bingoinfo.VirginCURDTestWithSteps" name="Get all students"><failure message="1 expectation failed.&#10;Expected status code &lt;200&gt; but was &lt;404&gt;.&#10;" type="java.lang.AssertionError">1 expectation failed.
Expected status code &lt;200&gt; but was &lt;404&gt;.
</failure><system-err>1 expectation failed.
Expected status code &lt;200&gt; but was &lt;404&gt;.
&#13;
io.restassured.internal.ResponseSpecificationImpl.validateResponseIfRequired(ResponseSpecificationImpl.groovy:636)&#13;
io.restassured.internal.ResponseSpecificationImpl.statusCode(ResponseSpecificationImpl.groovy:122)&#13;
io.restassured.internal.ResponseSpecificationImpl.statusCode(ResponseSpecificationImpl.groovy:130)&#13;
io.restassured.internal.ValidatableResponseOptionsImpl.statusCode(ValidatableResponseOptionsImpl.java:117)&#13;
com.virgingames.bingoinfo.VirginCURDTestWithSteps.getAllStudents(VirginCURDTestWithSteps.java:39)&#13;
</system-err></testcase></testsuite>